<?xml version="1.0" encoding="UTF-8"?>
<testng-results skipped="0" failed="6" total="13" passed="7">
  <reporter-output>
    <line>
      <![CDATA[URL Verification Passed. Expected URL=http://www.fliplearn.com/site/home Actual URL-http://www.fliplearn.com/site/home]]>
    </line>
    <line>
      <![CDATA[URL Verification Passed. Expected URL=http://www.fliplearn.com/index.php Actual URL-http://www.fliplearn.com/index.php]]>
    </line>
    <line>
      <![CDATA[URL Verification Passed. Expected URL=http://www.fliplearn.com/index.php/user/Tdirectory Actual URL-http://www.fliplearn.com/index.php/user/Tdirectory]]>
    </line>
    <line>
      <![CDATA[URL Verification Passed. Expected URL=http://www.fliplearn.com/index.php/wallPosts Actual URL-http://www.fliplearn.com/index.php/wallPosts]]>
    </line>
    <line>
      <![CDATA[URL Verification Passed. Expected URL=http://www.fliplearn.com/index.php/messages Actual URL-http://www.fliplearn.com/index.php/messages]]>
    </line>
    <line>
      <![CDATA[URL Verification Passed. Expected URL=http://www.fliplearn.com/index.php/pictureGallery Actual URL-http://www.fliplearn.com/index.php/pictureGallery]]>
    </line>
    <line>
      <![CDATA[URL Verification Passed. Expected URL=http://www.fliplearn.com/index.php/events/index Actual URL-http://www.fliplearn.com/index.php/events/index]]>
    </line>
    <line>
      <![CDATA[URL Verification Passed. Expected URL=http://www.fliplearn.com/index.php/announcements/index Actual URL-http://www.fliplearn.com/index.php/announcements/index]]>
    </line>
    <line>
      <![CDATA[URL Verification Passed. Expected URL=http://www.fliplearn.com/index.php/user/directory Actual URL-http://www.fliplearn.com/index.php/user/directory]]>
    </line>
  </reporter-output>
  <suite name="Default suite" duration-ms="192057" started-at="2016-07-18T05:03:41Z" finished-at="2016-07-18T05:06:53Z">
    <groups>
    </groups>
    <test name="Default test" duration-ms="192057" started-at="2016-07-18T05:03:41Z" finished-at="2016-07-18T05:06:53Z">
      <class name="com.appmodule.testscript.Teacher_Login_Script">
        <test-method status="PASS" signature="Login_validation()[pri:0, instance:com.appmodule.testscript.Teacher_Login_Script@7dc36524]" name="Login_validation" is-config="true" duration-ms="63232" started-at="2016-07-18T10:33:41Z" finished-at="2016-07-18T10:34:44Z">
          <reporter-output>
            <line>
              <![CDATA[URL Verification Passed. Expected URL=http://www.fliplearn.com/site/home Actual URL-http://www.fliplearn.com/site/home]]>
            </line>
            <line>
              <![CDATA[URL Verification Passed. Expected URL=http://www.fliplearn.com/index.php Actual URL-http://www.fliplearn.com/index.php]]>
            </line>
          </reporter-output>
        </test-method> <!-- Login_validation -->
        <test-method status="PASS" signature="Click_on_Teacher()[pri:0, instance:com.appmodule.testscript.Teacher_Login_Script@7dc36524]" name="Click_on_Teacher" duration-ms="13966" started-at="2016-07-18T10:34:44Z" finished-at="2016-07-18T10:34:58Z">
          <reporter-output>
            <line>
              <![CDATA[URL Verification Passed. Expected URL=http://www.fliplearn.com/index.php/user/Tdirectory Actual URL-http://www.fliplearn.com/index.php/user/Tdirectory]]>
            </line>
          </reporter-output>
        </test-method> <!-- Click_on_Teacher -->
        <test-method status="PASS" signature="click_on_Wall()[pri:0, instance:com.appmodule.testscript.Teacher_Login_Script@7dc36524]" name="click_on_Wall" duration-ms="12126" started-at="2016-07-18T10:34:58Z" finished-at="2016-07-18T10:35:10Z">
          <reporter-output>
            <line>
              <![CDATA[URL Verification Passed. Expected URL=http://www.fliplearn.com/index.php/wallPosts Actual URL-http://www.fliplearn.com/index.php/wallPosts]]>
            </line>
          </reporter-output>
        </test-method> <!-- click_on_Wall -->
        <test-method status="PASS" signature="Click_on_Message()[pri:0, instance:com.appmodule.testscript.Teacher_Login_Script@7dc36524]" name="Click_on_Message" duration-ms="11448" started-at="2016-07-18T10:35:10Z" finished-at="2016-07-18T10:35:21Z">
          <reporter-output>
            <line>
              <![CDATA[URL Verification Passed. Expected URL=http://www.fliplearn.com/index.php/messages Actual URL-http://www.fliplearn.com/index.php/messages]]>
            </line>
          </reporter-output>
        </test-method> <!-- Click_on_Message -->
        <test-method status="PASS" signature="Click_on_Gallery()[pri:0, instance:com.appmodule.testscript.Teacher_Login_Script@7dc36524]" name="Click_on_Gallery" duration-ms="15106" started-at="2016-07-18T10:35:21Z" finished-at="2016-07-18T10:35:37Z">
          <reporter-output>
            <line>
              <![CDATA[URL Verification Passed. Expected URL=http://www.fliplearn.com/index.php/pictureGallery Actual URL-http://www.fliplearn.com/index.php/pictureGallery]]>
            </line>
          </reporter-output>
        </test-method> <!-- Click_on_Gallery -->
        <test-method status="PASS" signature="Clcik_on_Event()[pri:0, instance:com.appmodule.testscript.Teacher_Login_Script@7dc36524]" name="Clcik_on_Event" duration-ms="16310" started-at="2016-07-18T10:35:37Z" finished-at="2016-07-18T10:35:53Z">
          <reporter-output>
            <line>
              <![CDATA[URL Verification Passed. Expected URL=http://www.fliplearn.com/index.php/events/index Actual URL-http://www.fliplearn.com/index.php/events/index]]>
            </line>
          </reporter-output>
        </test-method> <!-- Clcik_on_Event -->
        <test-method status="PASS" signature="Click_on_Announcement()[pri:0, instance:com.appmodule.testscript.Teacher_Login_Script@7dc36524]" name="Click_on_Announcement" duration-ms="12195" started-at="2016-07-18T10:35:53Z" finished-at="2016-07-18T10:36:05Z">
          <reporter-output>
            <line>
              <![CDATA[URL Verification Passed. Expected URL=http://www.fliplearn.com/index.php/announcements/index Actual URL-http://www.fliplearn.com/index.php/announcements/index]]>
            </line>
          </reporter-output>
        </test-method> <!-- Click_on_Announcement -->
        <test-method status="PASS" signature="Click_on_Student()[pri:0, instance:com.appmodule.testscript.Teacher_Login_Script@7dc36524]" name="Click_on_Student" duration-ms="11481" started-at="2016-07-18T10:36:05Z" finished-at="2016-07-18T10:36:17Z">
          <reporter-output>
            <line>
              <![CDATA[URL Verification Passed. Expected URL=http://www.fliplearn.com/index.php/user/directory Actual URL-http://www.fliplearn.com/index.php/user/directory]]>
            </line>
          </reporter-output>
        </test-method> <!-- Click_on_Student -->
        <test-method status="FAIL" signature="Click_on_AttendanceMarks()[pri:0, instance:com.appmodule.testscript.Teacher_Login_Script@7dc36524]" name="Click_on_AttendanceMarks" duration-ms="6814" started-at="2016-07-18T10:36:17Z" finished-at="2016-07-18T10:36:23Z">
          <exception class="java.lang.IllegalArgumentException">
            <message>
              <![CDATA[Must provide a location for a move action.]]>
            </message>
            <full-stacktrace>
              <![CDATA[java.lang.IllegalArgumentException: Must provide a location for a move action.
	at org.openqa.selenium.interactions.MoveMouseAction.<init>(MoveMouseAction.java:34)
	at org.openqa.selenium.interactions.Actions.moveToElement(Actions.java:255)
	at com.appmodule.Generic_method.Generic_class.fn_DoubleMouseOverClick(Generic_class.java:199)
	at com.appmodule.perform_pageclass.Perform_PageClass.Clickonattendancemarks(Perform_PageClass.java:114)
	at com.appmodule.testscript.Teacher_Login_Script.Click_on_AttendanceMarks(Teacher_Login_Script.java:110)
	at sun.reflect.NativeMethodAccessorImpl.invoke0(Native Method)
	at sun.reflect.NativeMethodAccessorImpl.invoke(Unknown Source)
	at sun.reflect.DelegatingMethodAccessorImpl.invoke(Unknown Source)
	at java.lang.reflect.Method.invoke(Unknown Source)
	at org.testng.internal.MethodInvocationHelper.invokeMethod(MethodInvocationHelper.java:84)
	at org.testng.internal.Invoker.invokeMethod(Invoker.java:714)
	at org.testng.internal.Invoker.invokeTestMethod(Invoker.java:901)
	at org.testng.internal.Invoker.invokeTestMethods(Invoker.java:1231)
	at org.testng.internal.TestMethodWorker.invokeTestMethods(TestMethodWorker.java:127)
	at org.testng.internal.TestMethodWorker.run(TestMethodWorker.java:111)
	at org.testng.TestRunner.privateRun(TestRunner.java:767)
	at org.testng.TestRunner.run(TestRunner.java:617)
	at org.testng.SuiteRunner.runTest(SuiteRunner.java:334)
	at org.testng.SuiteRunner.runSequentially(SuiteRunner.java:329)
	at org.testng.SuiteRunner.privateRun(SuiteRunner.java:291)
	at org.testng.SuiteRunner.run(SuiteRunner.java:240)
	at org.testng.SuiteRunnerWorker.runSuite(SuiteRunnerWorker.java:52)
	at org.testng.SuiteRunnerWorker.run(SuiteRunnerWorker.java:86)
	at org.testng.TestNG.runSuitesSequentially(TestNG.java:1224)
	at org.testng.TestNG.runSuitesLocally(TestNG.java:1149)
	at org.testng.TestNG.run(TestNG.java:1057)
	at org.testng.remote.AbstractRemoteTestNG.run(AbstractRemoteTestNG.java:126)
	at org.testng.remote.RemoteTestNG.initAndRun(RemoteTestNG.java:137)
	at org.testng.remote.RemoteTestNG.main(RemoteTestNG.java:58)
]]>
            </full-stacktrace>
          </exception> <!-- java.lang.IllegalArgumentException -->
          <reporter-output>
          </reporter-output>
        </test-method> <!-- Click_on_AttendanceMarks -->
        <test-method status="FAIL" signature="Click_on_AttendanceReport()[pri:0, instance:com.appmodule.testscript.Teacher_Login_Script@7dc36524]" name="Click_on_AttendanceReport" duration-ms="5964" started-at="2016-07-18T10:36:23Z" finished-at="2016-07-18T10:36:29Z">
          <exception class="java.lang.IllegalArgumentException">
            <message>
              <![CDATA[Must provide a location for a move action.]]>
            </message>
            <full-stacktrace>
              <![CDATA[java.lang.IllegalArgumentException: Must provide a location for a move action.
	at org.openqa.selenium.interactions.MoveMouseAction.<init>(MoveMouseAction.java:34)
	at org.openqa.selenium.interactions.Actions.moveToElement(Actions.java:255)
	at com.appmodule.Generic_method.Generic_class.fn_DoubleMouseOverClick(Generic_class.java:199)
	at com.appmodule.perform_pageclass.Perform_PageClass.ClickonAttendance_Report(Perform_PageClass.java:122)
	at com.appmodule.testscript.Teacher_Login_Script.Click_on_AttendanceReport(Teacher_Login_Script.java:118)
	at sun.reflect.NativeMethodAccessorImpl.invoke0(Native Method)
	at sun.reflect.NativeMethodAccessorImpl.invoke(Unknown Source)
	at sun.reflect.DelegatingMethodAccessorImpl.invoke(Unknown Source)
	at java.lang.reflect.Method.invoke(Unknown Source)
	at org.testng.internal.MethodInvocationHelper.invokeMethod(MethodInvocationHelper.java:84)
	at org.testng.internal.Invoker.invokeMethod(Invoker.java:714)
	at org.testng.internal.Invoker.invokeTestMethod(Invoker.java:901)
	at org.testng.internal.Invoker.invokeTestMethods(Invoker.java:1231)
	at org.testng.internal.TestMethodWorker.invokeTestMethods(TestMethodWorker.java:127)
	at org.testng.internal.TestMethodWorker.run(TestMethodWorker.java:111)
	at org.testng.TestRunner.privateRun(TestRunner.java:767)
	at org.testng.TestRunner.run(TestRunner.java:617)
	at org.testng.SuiteRunner.runTest(SuiteRunner.java:334)
	at org.testng.SuiteRunner.runSequentially(SuiteRunner.java:329)
	at org.testng.SuiteRunner.privateRun(SuiteRunner.java:291)
	at org.testng.SuiteRunner.run(SuiteRunner.java:240)
	at org.testng.SuiteRunnerWorker.runSuite(SuiteRunnerWorker.java:52)
	at org.testng.SuiteRunnerWorker.run(SuiteRunnerWorker.java:86)
	at org.testng.TestNG.runSuitesSequentially(TestNG.java:1224)
	at org.testng.TestNG.runSuitesLocally(TestNG.java:1149)
	at org.testng.TestNG.run(TestNG.java:1057)
	at org.testng.remote.AbstractRemoteTestNG.run(AbstractRemoteTestNG.java:126)
	at org.testng.remote.RemoteTestNG.initAndRun(RemoteTestNG.java:137)
	at org.testng.remote.RemoteTestNG.main(RemoteTestNG.java:58)
]]>
            </full-stacktrace>
          </exception> <!-- java.lang.IllegalArgumentException -->
          <reporter-output>
          </reporter-output>
        </test-method> <!-- Click_on_AttendanceReport -->
        <test-method status="FAIL" signature="Click_on_PerformAssignment()[pri:0, instance:com.appmodule.testscript.Teacher_Login_Script@7dc36524]" name="Click_on_PerformAssignment" duration-ms="3980" started-at="2016-07-18T10:36:29Z" finished-at="2016-07-18T10:36:33Z">
          <exception class="java.lang.NullPointerException">
            <full-stacktrace>
              <![CDATA[java.lang.NullPointerException
	at com.appmodule.Generic_method.Generic_class.fn_mouseOverClick(Generic_class.java:177)
	at com.appmodule.perform_pageclass.Perform_PageClass.ClickonPerformAssignment(Perform_PageClass.java:129)
	at com.appmodule.testscript.Teacher_Login_Script.Click_on_PerformAssignment(Teacher_Login_Script.java:126)
	at sun.reflect.NativeMethodAccessorImpl.invoke0(Native Method)
	at sun.reflect.NativeMethodAccessorImpl.invoke(Unknown Source)
	at sun.reflect.DelegatingMethodAccessorImpl.invoke(Unknown Source)
	at java.lang.reflect.Method.invoke(Unknown Source)
	at org.testng.internal.MethodInvocationHelper.invokeMethod(MethodInvocationHelper.java:84)
	at org.testng.internal.Invoker.invokeMethod(Invoker.java:714)
	at org.testng.internal.Invoker.invokeTestMethod(Invoker.java:901)
	at org.testng.internal.Invoker.invokeTestMethods(Invoker.java:1231)
	at org.testng.internal.TestMethodWorker.invokeTestMethods(TestMethodWorker.java:127)
	at org.testng.internal.TestMethodWorker.run(TestMethodWorker.java:111)
	at org.testng.TestRunner.privateRun(TestRunner.java:767)
	at org.testng.TestRunner.run(TestRunner.java:617)
	at org.testng.SuiteRunner.runTest(SuiteRunner.java:334)
	at org.testng.SuiteRunner.runSequentially(SuiteRunner.java:329)
	at org.testng.SuiteRunner.privateRun(SuiteRunner.java:291)
	at org.testng.SuiteRunner.run(SuiteRunner.java:240)
	at org.testng.SuiteRunnerWorker.runSuite(SuiteRunnerWorker.java:52)
	at org.testng.SuiteRunnerWorker.run(SuiteRunnerWorker.java:86)
	at org.testng.TestNG.runSuitesSequentially(TestNG.java:1224)
	at org.testng.TestNG.runSuitesLocally(TestNG.java:1149)
	at org.testng.TestNG.run(TestNG.java:1057)
	at org.testng.remote.AbstractRemoteTestNG.run(AbstractRemoteTestNG.java:126)
	at org.testng.remote.RemoteTestNG.initAndRun(RemoteTestNG.java:137)
	at org.testng.remote.RemoteTestNG.main(RemoteTestNG.java:58)
]]>
            </full-stacktrace>
          </exception> <!-- java.lang.NullPointerException -->
          <reporter-output>
          </reporter-output>
        </test-method> <!-- Click_on_PerformAssignment -->
        <test-method status="FAIL" signature="Click_on_MarksReview()[pri:0, instance:com.appmodule.testscript.Teacher_Login_Script@7dc36524]" name="Click_on_MarksReview" duration-ms="5990" started-at="2016-07-18T10:36:33Z" finished-at="2016-07-18T10:36:39Z">
          <exception class="java.lang.IllegalArgumentException">
            <message>
              <![CDATA[Must provide a location for a move action.]]>
            </message>
            <full-stacktrace>
              <![CDATA[java.lang.IllegalArgumentException: Must provide a location for a move action.
	at org.openqa.selenium.interactions.MoveMouseAction.<init>(MoveMouseAction.java:34)
	at org.openqa.selenium.interactions.Actions.moveToElement(Actions.java:255)
	at com.appmodule.Generic_method.Generic_class.fn_DoubleMouseOverClick(Generic_class.java:199)
	at com.appmodule.perform_pageclass.Perform_PageClass.Clickonmarksreview(Perform_PageClass.java:137)
	at com.appmodule.testscript.Teacher_Login_Script.Click_on_MarksReview(Teacher_Login_Script.java:134)
	at sun.reflect.NativeMethodAccessorImpl.invoke0(Native Method)
	at sun.reflect.NativeMethodAccessorImpl.invoke(Unknown Source)
	at sun.reflect.DelegatingMethodAccessorImpl.invoke(Unknown Source)
	at java.lang.reflect.Method.invoke(Unknown Source)
	at org.testng.internal.MethodInvocationHelper.invokeMethod(MethodInvocationHelper.java:84)
	at org.testng.internal.Invoker.invokeMethod(Invoker.java:714)
	at org.testng.internal.Invoker.invokeTestMethod(Invoker.java:901)
	at org.testng.internal.Invoker.invokeTestMethods(Invoker.java:1231)
	at org.testng.internal.TestMethodWorker.invokeTestMethods(TestMethodWorker.java:127)
	at org.testng.internal.TestMethodWorker.run(TestMethodWorker.java:111)
	at org.testng.TestRunner.privateRun(TestRunner.java:767)
	at org.testng.TestRunner.run(TestRunner.java:617)
	at org.testng.SuiteRunner.runTest(SuiteRunner.java:334)
	at org.testng.SuiteRunner.runSequentially(SuiteRunner.java:329)
	at org.testng.SuiteRunner.privateRun(SuiteRunner.java:291)
	at org.testng.SuiteRunner.run(SuiteRunner.java:240)
	at org.testng.SuiteRunnerWorker.runSuite(SuiteRunnerWorker.java:52)
	at org.testng.SuiteRunnerWorker.run(SuiteRunnerWorker.java:86)
	at org.testng.TestNG.runSuitesSequentially(TestNG.java:1224)
	at org.testng.TestNG.runSuitesLocally(TestNG.java:1149)
	at org.testng.TestNG.run(TestNG.java:1057)
	at org.testng.remote.AbstractRemoteTestNG.run(AbstractRemoteTestNG.java:126)
	at org.testng.remote.RemoteTestNG.initAndRun(RemoteTestNG.java:137)
	at org.testng.remote.RemoteTestNG.main(RemoteTestNG.java:58)
]]>
            </full-stacktrace>
          </exception> <!-- java.lang.IllegalArgumentException -->
          <reporter-output>
          </reporter-output>
        </test-method> <!-- Click_on_MarksReview -->
        <test-method status="FAIL" signature="Click_on_MarksreviewreportClasswise()[pri:0, instance:com.appmodule.testscript.Teacher_Login_Script@7dc36524]" name="Click_on_MarksreviewreportClasswise" duration-ms="8140" started-at="2016-07-18T10:36:39Z" finished-at="2016-07-18T10:36:47Z">
          <exception class="java.lang.IllegalArgumentException">
            <message>
              <![CDATA[Must provide a location for a move action.]]>
            </message>
            <full-stacktrace>
              <![CDATA[java.lang.IllegalArgumentException: Must provide a location for a move action.
	at org.openqa.selenium.interactions.MoveMouseAction.<init>(MoveMouseAction.java:34)
	at org.openqa.selenium.interactions.Actions.moveToElement(Actions.java:255)
	at com.appmodule.Generic_method.Generic_class.fn_DoubleMouseOverClick(Generic_class.java:199)
	at com.appmodule.perform_pageclass.Perform_PageClass.Clickonmarksreviewreportclasswise(Perform_PageClass.java:148)
	at com.appmodule.testscript.Teacher_Login_Script.Click_on_MarksreviewreportClasswise(Teacher_Login_Script.java:142)
	at sun.reflect.NativeMethodAccessorImpl.invoke0(Native Method)
	at sun.reflect.NativeMethodAccessorImpl.invoke(Unknown Source)
	at sun.reflect.DelegatingMethodAccessorImpl.invoke(Unknown Source)
	at java.lang.reflect.Method.invoke(Unknown Source)
	at org.testng.internal.MethodInvocationHelper.invokeMethod(MethodInvocationHelper.java:84)
	at org.testng.internal.Invoker.invokeMethod(Invoker.java:714)
	at org.testng.internal.Invoker.invokeTestMethod(Invoker.java:901)
	at org.testng.internal.Invoker.invokeTestMethods(Invoker.java:1231)
	at org.testng.internal.TestMethodWorker.invokeTestMethods(TestMethodWorker.java:127)
	at org.testng.internal.TestMethodWorker.run(TestMethodWorker.java:111)
	at org.testng.TestRunner.privateRun(TestRunner.java:767)
	at org.testng.TestRunner.run(TestRunner.java:617)
	at org.testng.SuiteRunner.runTest(SuiteRunner.java:334)
	at org.testng.SuiteRunner.runSequentially(SuiteRunner.java:329)
	at org.testng.SuiteRunner.privateRun(SuiteRunner.java:291)
	at org.testng.SuiteRunner.run(SuiteRunner.java:240)
	at org.testng.SuiteRunnerWorker.runSuite(SuiteRunnerWorker.java:52)
	at org.testng.SuiteRunnerWorker.run(SuiteRunnerWorker.java:86)
	at org.testng.TestNG.runSuitesSequentially(TestNG.java:1224)
	at org.testng.TestNG.runSuitesLocally(TestNG.java:1149)
	at org.testng.TestNG.run(TestNG.java:1057)
	at org.testng.remote.AbstractRemoteTestNG.run(AbstractRemoteTestNG.java:126)
	at org.testng.remote.RemoteTestNG.initAndRun(RemoteTestNG.java:137)
	at org.testng.remote.RemoteTestNG.main(RemoteTestNG.java:58)
]]>
            </full-stacktrace>
          </exception> <!-- java.lang.IllegalArgumentException -->
          <reporter-output>
          </reporter-output>
        </test-method> <!-- Click_on_MarksreviewreportClasswise -->
        <test-method status="FAIL" signature="Click_on_HealthStatus()[pri:0, instance:com.appmodule.testscript.Teacher_Login_Script@7dc36524]" name="Click_on_HealthStatus" duration-ms="4368" started-at="2016-07-18T10:36:47Z" finished-at="2016-07-18T10:36:52Z">
          <exception class="java.lang.NullPointerException">
            <full-stacktrace>
              <![CDATA[java.lang.NullPointerException
	at com.appmodule.Generic_method.Generic_class.fn_mouseOverClick(Generic_class.java:177)
	at com.appmodule.perform_pageclass.Perform_PageClass.ClickonHealthstatus(Perform_PageClass.java:155)
	at com.appmodule.testscript.Teacher_Login_Script.Click_on_HealthStatus(Teacher_Login_Script.java:150)
	at sun.reflect.NativeMethodAccessorImpl.invoke0(Native Method)
	at sun.reflect.NativeMethodAccessorImpl.invoke(Unknown Source)
	at sun.reflect.DelegatingMethodAccessorImpl.invoke(Unknown Source)
	at java.lang.reflect.Method.invoke(Unknown Source)
	at org.testng.internal.MethodInvocationHelper.invokeMethod(MethodInvocationHelper.java:84)
	at org.testng.internal.Invoker.invokeMethod(Invoker.java:714)
	at org.testng.internal.Invoker.invokeTestMethod(Invoker.java:901)
	at org.testng.internal.Invoker.invokeTestMethods(Invoker.java:1231)
	at org.testng.internal.TestMethodWorker.invokeTestMethods(TestMethodWorker.java:127)
	at org.testng.internal.TestMethodWorker.run(TestMethodWorker.java:111)
	at org.testng.TestRunner.privateRun(TestRunner.java:767)
	at org.testng.TestRunner.run(TestRunner.java:617)
	at org.testng.SuiteRunner.runTest(SuiteRunner.java:334)
	at org.testng.SuiteRunner.runSequentially(SuiteRunner.java:329)
	at org.testng.SuiteRunner.privateRun(SuiteRunner.java:291)
	at org.testng.SuiteRunner.run(SuiteRunner.java:240)
	at org.testng.SuiteRunnerWorker.runSuite(SuiteRunnerWorker.java:52)
	at org.testng.SuiteRunnerWorker.run(SuiteRunnerWorker.java:86)
	at org.testng.TestNG.runSuitesSequentially(TestNG.java:1224)
	at org.testng.TestNG.runSuitesLocally(TestNG.java:1149)
	at org.testng.TestNG.run(TestNG.java:1057)
	at org.testng.remote.AbstractRemoteTestNG.run(AbstractRemoteTestNG.java:126)
	at org.testng.remote.RemoteTestNG.initAndRun(RemoteTestNG.java:137)
	at org.testng.remote.RemoteTestNG.main(RemoteTestNG.java:58)
]]>
            </full-stacktrace>
          </exception> <!-- java.lang.NullPointerException -->
          <reporter-output>
          </reporter-output>
        </test-method> <!-- Click_on_HealthStatus -->
        <test-method status="PASS" signature="closebrowser()[pri:0, instance:com.appmodule.testscript.Teacher_Login_Script@7dc36524]" name="closebrowser" is-config="true" duration-ms="749" started-at="2016-07-18T10:36:52Z" finished-at="2016-07-18T10:36:53Z">
          <reporter-output>
          </reporter-output>
        </test-method> <!-- closebrowser -->
      </class> <!-- com.appmodule.testscript.Teacher_Login_Script -->
    </test> <!-- Default test -->
  </suite> <!-- Default suite -->
</testng-results>
